DEBUG 2015-11-25 22:09:56,523 app_tools 1267 140368867964672 ET090 Entered getSiteZone
DEBUG 2015-11-25 22:09:56,525 app_tools 1267 140368867964672 ET090 Entered getLogFilePath
DEBUG 2015-11-25 22:09:56,525 app_tools 1267 140368867964672 ET090 Entered getSiteZone
DEBUG 2015-11-25 22:11:08,444 app_tools 1267 140368867964672 ET090 Entered getSiteZone
DEBUG 2015-11-25 22:11:13,206 app_tools 1267 140368792430336 ET090 Entered getSiteZone
DEBUG 2015-11-25 22:11:13,208 app_tools 1267 140368792430336 ET090 Entered getLogFilePath
DEBUG 2015-11-25 22:11:13,208 app_tools 1267 140368792430336 ET090 Entered getSiteZone
DEBUG 2015-11-25 22:11:13,212 app_tools 1267 140368792430336 ET090 Entered getLogFiles
DEBUG 2015-11-25 22:11:15,032 app_tools 1281 140368867964672 ET090 Entered getSiteZone
DEBUG 2015-11-25 22:11:15,034 app_tools 1281 140368867964672 ET090 Entered getLogFilePath
DEBUG 2015-11-25 22:11:15,034 app_tools 1281 140368867964672 ET090 Entered getSiteZone
DEBUG 2015-11-25 22:11:29,002 app_tools 1281 140368792430336 ET090 Entered getSiteZone
DEBUG 2015-11-25 22:14:30,222 app_tools 1267 140368792430336 ET090 Entered getSiteZone
DEBUG 2015-11-25 22:14:30,224 app_tools 1267 140368792430336 ET090 Entered getLogFilePath
DEBUG 2015-11-25 22:14:30,224 app_tools 1267 140368792430336 ET090 Entered getSiteZone
DEBUG 2015-11-25 22:14:45,610 app_tools 1281 140368867964672 ET090 Entered getSiteZone
DEBUG 2015-11-25 22:14:45,612 app_tools 1281 140368867964672 ET090 Entered prepareIP
INFO 2015-11-25 22:14:45,613 app_tools 1281 140368867964672 Preparing IP
DEBUG 2015-11-25 22:14:45,613 app_tools 1281 140368867964672 ET090 Entered getSiteZone
DEBUG 2015-11-25 22:14:45,617 app_tools 1281 140368867964672 ET090 Entered getLogFilePath
DEBUG 2015-11-25 22:14:45,617 app_tools 1281 140368867964672 ET090 Entered getSiteZone
DEBUG 2015-11-25 22:14:45,619 app_tools 1281 140368867964672 ET090 Entered getLogFilePath
DEBUG 2015-11-25 22:14:45,619 app_tools 1281 140368867964672 ET090 Entered getSiteZone
DEBUG 2015-11-25 22:14:45,622 app_tools 1281 140368867964672 ET090 Entered createIPdirectory
DEBUG 2015-11-25 22:14:45,622 app_tools 1281 140368867964672 ET090 Entered getSiteZone
INFO 2015-11-25 22:14:45,727 views 1281 140368867964672 Successfully prepared package IP A1 åaö and created log file
DEBUG 2015-11-25 22:14:45,739 app_tools 1267 140368867964672 ET090 Entered getSiteZone
DEBUG 2015-11-25 22:14:45,741 app_tools 1267 140368867964672 ET090 Entered getLogFilePath
DEBUG 2015-11-25 22:14:45,741 app_tools 1267 140368867964672 ET090 Entered getSiteZone
DEBUG 2015-11-25 22:14:59,744 app_tools 1281 140368792430336 ET090 Entered getSiteZone
DEBUG 2015-11-25 22:14:59,746 app_tools 1281 140368792430336 ET090 Entered prepareIP
INFO 2015-11-25 22:14:59,746 app_tools 1281 140368792430336 Preparing IP
DEBUG 2015-11-25 22:14:59,747 app_tools 1281 140368792430336 ET090 Entered getSiteZone
DEBUG 2015-11-25 22:14:59,751 app_tools 1281 140368792430336 ET090 Entered getLogFilePath
DEBUG 2015-11-25 22:14:59,751 app_tools 1281 140368792430336 ET090 Entered getSiteZone
DEBUG 2015-11-25 22:14:59,754 app_tools 1281 140368792430336 ET090 Entered getLogFilePath
DEBUG 2015-11-25 22:14:59,754 app_tools 1281 140368792430336 ET090 Entered getSiteZone
DEBUG 2015-11-25 22:14:59,756 app_tools 1281 140368792430336 ET090 Entered createIPdirectory
DEBUG 2015-11-25 22:14:59,756 app_tools 1281 140368792430336 ET090 Entered getSiteZone
INFO 2015-11-25 22:14:59,846 views 1281 140368792430336 Successfully prepared package IP B1 ÅÄÖ and created log file
DEBUG 2015-11-25 22:14:59,854 app_tools 1267 140368792430336 ET090 Entered getSiteZone
DEBUG 2015-11-25 22:14:59,856 app_tools 1267 140368792430336 ET090 Entered getLogFilePath
DEBUG 2015-11-25 22:14:59,856 app_tools 1267 140368792430336 ET090 Entered getSiteZone
DEBUG 2015-11-25 22:15:29,914 app_tools 1281 140368867964672 ET090 Entered getSiteZone
DEBUG 2015-11-25 22:15:29,916 app_tools 1281 140368867964672 ET090 Entered prepareIP
INFO 2015-11-25 22:15:29,916 app_tools 1281 140368867964672 Preparing IP
DEBUG 2015-11-25 22:15:29,916 app_tools 1281 140368867964672 ET090 Entered getSiteZone
DEBUG 2015-11-25 22:15:29,920 app_tools 1281 140368867964672 ET090 Entered getLogFilePath
DEBUG 2015-11-25 22:15:29,920 app_tools 1281 140368867964672 ET090 Entered getSiteZone
DEBUG 2015-11-25 22:15:29,923 app_tools 1281 140368867964672 ET090 Entered getLogFilePath
DEBUG 2015-11-25 22:15:29,923 app_tools 1281 140368867964672 ET090 Entered getSiteZone
DEBUG 2015-11-25 22:15:29,926 app_tools 1281 140368867964672 ET090 Entered createIPdirectory
DEBUG 2015-11-25 22:15:29,926 app_tools 1281 140368867964672 ET090 Entered getSiteZone
INFO 2015-11-25 22:15:30,024 views 1281 140368867964672 Successfully prepared package IP C1 ÅÄÖ åäö §§ punkt and created log file
DEBUG 2015-11-25 22:15:30,036 app_tools 1267 140368867964672 ET090 Entered getSiteZone
DEBUG 2015-11-25 22:15:30,038 app_tools 1267 140368867964672 ET090 Entered getLogFilePath
DEBUG 2015-11-25 22:15:30,038 app_tools 1267 140368867964672 ET090 Entered getSiteZone
DEBUG 2015-11-25 22:16:12,227 app_tools 1281 140368792430336 ET090 Entered getSiteZone
DEBUG 2015-11-25 22:16:12,229 app_tools 1281 140368792430336 ET090 Entered prepareIP
INFO 2015-11-25 22:16:12,229 app_tools 1281 140368792430336 Preparing IP
DEBUG 2015-11-25 22:16:12,229 app_tools 1281 140368792430336 ET090 Entered getSiteZone
DEBUG 2015-11-25 22:16:12,233 app_tools 1281 140368792430336 ET090 Entered getLogFilePath
DEBUG 2015-11-25 22:16:12,233 app_tools 1281 140368792430336 ET090 Entered getSiteZone
DEBUG 2015-11-25 22:16:12,236 app_tools 1281 140368792430336 ET090 Entered getLogFilePath
DEBUG 2015-11-25 22:16:12,236 app_tools 1281 140368792430336 ET090 Entered getSiteZone
DEBUG 2015-11-25 22:16:12,238 app_tools 1281 140368792430336 ET090 Entered createIPdirectory
DEBUG 2015-11-25 22:16:12,238 app_tools 1281 140368792430336 ET090 Entered getSiteZone
INFO 2015-11-25 22:16:12,331 views 1281 140368792430336 Successfully prepared package IP  A1 eva and created log file
DEBUG 2015-11-25 22:16:12,341 app_tools 1267 140368792430336 ET090 Entered getSiteZone
DEBUG 2015-11-25 22:16:12,342 app_tools 1267 140368792430336 ET090 Entered getLogFilePath
DEBUG 2015-11-25 22:16:12,342 app_tools 1267 140368792430336 ET090 Entered getSiteZone
DEBUG 2015-11-25 22:16:16,436 app_tools 1267 140368867964672 ET090 Entered getSiteZone
DEBUG 2015-11-25 22:16:18,564 app_tools 1281 140368867964672 ET090 Entered getSiteZone
DEBUG 2015-11-25 22:16:18,568 app_tools 1281 140368867964672 ET091 Entered createIP
INFO 2015-11-25 22:16:18,569 app_tools 1281 140368867964672 Creating IP
DEBUG 2015-11-25 22:16:18,569 app_tools 1281 140368867964672 ET090 Entered getSiteZone
DEBUG 2015-11-25 22:16:18,580 app_tools 1281 140368867964672 ET090 Entered create_AgentList_NO
DEBUG 2015-11-25 22:16:18,581 app_tools 1281 140368867964672 ET090 Entered create_altRecordIDList_NO
INFO 2015-11-25 22:16:18,581 app_tools 1281 140368867964672 Copy PREMIS xsd file
DEBUG 2015-11-25 22:16:18,581 app_tools 1281 140368867964672 ET091 Entered copy_Schema
INFO 2015-11-25 22:16:18,654 app_tools 1281 140368867964672 Successfully saved XSD-file /ESSArch/exchange/preingest/prepare/ip1/8d760df6-93b9-11e5-b793-0018f3d01293/administrative_metadata/DIAS_PREMIS.xsd
INFO 2015-11-25 22:16:18,655 app_tools 1281 140368867964672 Copy METS xsd file
DEBUG 2015-11-25 22:16:18,655 app_tools 1281 140368867964672 ET091 Entered copy_Schema
INFO 2015-11-25 22:16:18,780 app_tools 1281 140368867964672 Successfully saved XSD-file /ESSArch/exchange/preingest/prepare/ip1/8d760df6-93b9-11e5-b793-0018f3d01293/mets.xsd
INFO 2015-11-25 22:16:18,780 app_tools 1281 140368867964672 Create PREMIS xml file
DEBUG 2015-11-25 22:16:18,780 app_tools 1281 140368867964672 ET090 Entered create_PremisFile
DEBUG 2015-11-25 22:16:18,780 app_tools 1281 140368867964672 ET090 Entered getSiteZone
DEBUG 2015-11-25 22:16:18,783 app_tools 1281 140368867964672 ET090 Entered CreateMetsStructmap
DEBUG 2015-11-25 22:16:18,786 app_tools 1281 140368867964672 ET091 Entered GetFiletree2
DEBUG 2015-11-25 22:16:18,788 app_tools 1281 140368867964672 ET091 Entered GetFiletree2
DEBUG 2015-11-25 22:16:18,790 app_tools 1281 140368867964672 ET091 Entered GetFiletree2
DEBUG 2015-11-25 22:16:18,793 app_tools 1281 140368867964672 ET090 Entered checksum
DEBUG 2015-11-25 22:16:18,793 app_tools 1281 140368867964672 ET091 Entered GetFiletree2
DEBUG 2015-11-25 22:16:18,795 app_tools 1281 140368867964672 ET090 Entered checksum
DEBUG 2015-11-25 22:16:18,796 app_tools 1281 140368867964672 ET090 Entered checksum
DEBUG 2015-11-25 22:16:18,798 app_tools 1281 140368867964672 ET090 Entered validate
DEBUG 2015-11-25 22:16:18,799 app_tools 1281 140368867964672 ET090 Entered getSchemaLocation
DEBUG 2015-11-25 22:16:19,299 app_tools 1281 140368867964672 ET090 Entered writeToFile
INFO 2015-11-25 22:16:19,300 app_tools 1281 140368867964672 Successfully created and validated Premis file /ESSArch/exchange/preingest/prepare/ip1/8d760df6-93b9-11e5-b793-0018f3d01293/administrative_metadata/premis.xml
INFO 2015-11-25 22:16:19,300 app_tools 1281 140368867964672 Create METS xml file
INFO 2015-11-25 22:16:19,303 app_tools 1281 140368867964672 Successfully created content description file /ESSArch/exchange/preingest/prepare/ip1/8d760df6-93b9-11e5-b793-0018f3d01293/mets.xml for IP A1 åaö
INFO 2015-11-25 22:16:19,303 app_tools 1281 140368867964672 Validate METS xml file
DEBUG 2015-11-25 22:16:19,303 app_tools 1281 140368867964672 ET090 Entered validate
DEBUG 2015-11-25 22:16:19,305 app_tools 1281 140368867964672 ET090 Entered getSchemaLocation
INFO 2015-11-25 22:16:19,602 app_tools 1281 140368867964672 Successfully validated content description file /ESSArch/exchange/preingest/prepare/ip1/8d760df6-93b9-11e5-b793-0018f3d01293/mets.xml
INFO 2015-11-25 22:16:19,603 app_tools 1281 140368867964672 Diffcheck inner METS xml file
DEBUG 2015-11-25 22:16:19,603 app_tools 1281 140368867964672 ET090 Entered DiffCheck_IP
DEBUG 2015-11-25 22:16:19,603 app_tools 1281 140368867964672 ET090 Entered getMETSFileList
DEBUG 2015-11-25 22:16:19,604 app_tools 1281 140368867964672 ET090 Entered getmd
DEBUG 2015-11-25 22:16:19,605 app_tools 1281 140368867964672 ET090 Entered getdiv
DEBUG 2015-11-25 22:16:19,605 app_tools 1281 140368867964672 ET090 Entered getdiv
DEBUG 2015-11-25 22:16:19,605 app_tools 1281 140368867964672 ET090 Entered getdiv
DEBUG 2015-11-25 22:16:19,605 app_tools 1281 140368867964672 ET090 Entered getdiv
DEBUG 2015-11-25 22:16:19,606 app_tools 1281 140368867964672 ET091 Entered GetFiletree2
DEBUG 2015-11-25 22:16:19,609 app_tools 1281 140368867964672 ET091 Entered GetFiletree2
DEBUG 2015-11-25 22:16:19,611 app_tools 1281 140368867964672 ET091 Entered GetFiletree2
DEBUG 2015-11-25 22:16:19,613 app_tools 1281 140368867964672 ET090 Entered checksum
DEBUG 2015-11-25 22:16:19,614 app_tools 1281 140368867964672 ET090 Entered checksum
DEBUG 2015-11-25 22:16:19,614 app_tools 1281 140368867964672 ET091 Entered GetFiletree2
DEBUG 2015-11-25 22:16:19,616 app_tools 1281 140368867964672 ET090 Entered checksum
DEBUG 2015-11-25 22:16:19,616 app_tools 1281 140368867964672 ET090 Entered checksum
DEBUG 2015-11-25 22:16:19,618 app_tools 1281 140368867964672 ET090 Entered checksum
INFO 2015-11-25 22:16:19,621 app_tools 1281 140368867964672 Physical files match the logical representation of content description file /ESSArch/exchange/preingest/prepare/ip1/8d760df6-93b9-11e5-b793-0018f3d01293/mets.xml
INFO 2015-11-25 22:16:19,625 app_tools 1281 140368867964672 Successfully created IP tar file /ESSArch/exchange/preingest/reception/ip1/8d760df6-93b9-11e5-b793-0018f3d01293.tar
INFO 2015-11-25 22:16:19,625 app_tools 1281 140368867964672 Create outer METS xml file
DEBUG 2015-11-25 22:16:19,625 app_tools 1281 140368867964672 ET090 Entered CreateMetsStructmap
DEBUG 2015-11-25 22:16:19,628 app_tools 1281 140368867964672 ET091 Entered GetFiletree2
DEBUG 2015-11-25 22:16:19,631 app_tools 1281 140368867964672 ET090 Entered checksum
INFO 2015-11-25 22:16:19,635 app_tools 1281 140368867964672 Successfully created package description file /ESSArch/exchange/preingest/reception/ip1/info.xml for IP tar file /ESSArch/exchange/preingest/reception/ip1/8d760df6-93b9-11e5-b793-0018f3d01293
INFO 2015-11-25 22:16:19,635 app_tools 1281 140368867964672 Validate outer METS xml file
DEBUG 2015-11-25 22:16:19,635 app_tools 1281 140368867964672 ET090 Entered validate
DEBUG 2015-11-25 22:16:19,637 app_tools 1281 140368867964672 ET090 Entered getSchemaLocation
INFO 2015-11-25 22:16:19,935 app_tools 1281 140368867964672 Successfully validated package description file /ESSArch/exchange/preingest/reception/ip1/info.xml
INFO 2015-11-25 22:16:19,935 app_tools 1281 140368867964672 Diffcheck outer METS xml file
DEBUG 2015-11-25 22:16:19,935 app_tools 1281 140368867964672 ET090 Entered DiffCheck_IP
DEBUG 2015-11-25 22:16:19,935 app_tools 1281 140368867964672 ET090 Entered getMETSFileList
DEBUG 2015-11-25 22:16:19,936 app_tools 1281 140368867964672 ET090 Entered getdiv
DEBUG 2015-11-25 22:16:19,936 app_tools 1281 140368867964672 ET090 Entered getdiv
DEBUG 2015-11-25 22:16:19,936 app_tools 1281 140368867964672 ET090 Entered getdiv
DEBUG 2015-11-25 22:16:19,937 app_tools 1281 140368867964672 ET090 Entered getdiv
DEBUG 2015-11-25 22:16:19,937 app_tools 1281 140368867964672 ET091 Entered GetFiletree2
DEBUG 2015-11-25 22:16:19,939 app_tools 1281 140368867964672 ET090 Entered checksum
DEBUG 2015-11-25 22:16:19,942 app_tools 1281 140368867964672 ET090 Entered checksum
INFO 2015-11-25 22:16:19,944 app_tools 1281 140368867964672 Physical files match the logical representation of package description file /ESSArch/exchange/preingest/reception/ip1/info.xml
INFO 2015-11-25 22:16:20,036 views 1281 140368867964672 Successfully created package IP A1 åaö
DEBUG 2015-11-25 22:16:20,048 app_tools 1267 140368792430336 ET090 Entered getSiteZone
DEBUG 2015-11-25 22:16:20,050 app_tools 1267 140368792430336 ET090 Entered getLogFilePath
DEBUG 2015-11-25 22:16:20,050 app_tools 1267 140368792430336 ET090 Entered getSiteZone
DEBUG 2015-11-25 22:16:21,762 app_tools 1281 140368792430336 ET090 Entered getSiteZone
DEBUG 2015-11-25 22:16:23,204 app_tools 1267 140368867964672 ET090 Entered getSiteZone
DEBUG 2015-11-25 22:16:23,209 app_tools 1267 140368867964672 ET091 Entered createIP
INFO 2015-11-25 22:16:23,209 app_tools 1267 140368867964672 Creating IP
DEBUG 2015-11-25 22:16:23,209 app_tools 1267 140368867964672 ET090 Entered getSiteZone
DEBUG 2015-11-25 22:16:23,221 app_tools 1267 140368867964672 ET090 Entered create_AgentList_NO
DEBUG 2015-11-25 22:16:23,221 app_tools 1267 140368867964672 ET090 Entered create_altRecordIDList_NO
INFO 2015-11-25 22:16:23,222 app_tools 1267 140368867964672 Copy PREMIS xsd file
DEBUG 2015-11-25 22:16:23,222 app_tools 1267 140368867964672 ET091 Entered copy_Schema
INFO 2015-11-25 22:16:23,289 app_tools 1267 140368867964672 Successfully saved XSD-file /ESSArch/exchange/preingest/prepare/ip2/95e2bba6-93b9-11e5-a1bb-0018f3d01293/administrative_metadata/DIAS_PREMIS.xsd
INFO 2015-11-25 22:16:23,289 app_tools 1267 140368867964672 Copy METS xsd file
DEBUG 2015-11-25 22:16:23,290 app_tools 1267 140368867964672 ET091 Entered copy_Schema
INFO 2015-11-25 22:16:23,412 app_tools 1267 140368867964672 Successfully saved XSD-file /ESSArch/exchange/preingest/prepare/ip2/95e2bba6-93b9-11e5-a1bb-0018f3d01293/mets.xsd
INFO 2015-11-25 22:16:23,413 app_tools 1267 140368867964672 Create PREMIS xml file
DEBUG 2015-11-25 22:16:23,413 app_tools 1267 140368867964672 ET090 Entered create_PremisFile
DEBUG 2015-11-25 22:16:23,413 app_tools 1267 140368867964672 ET090 Entered getSiteZone
DEBUG 2015-11-25 22:16:23,415 app_tools 1267 140368867964672 ET090 Entered CreateMetsStructmap
DEBUG 2015-11-25 22:16:23,418 app_tools 1267 140368867964672 ET091 Entered GetFiletree2
DEBUG 2015-11-25 22:16:23,420 app_tools 1267 140368867964672 ET091 Entered GetFiletree2
DEBUG 2015-11-25 22:16:23,422 app_tools 1267 140368867964672 ET091 Entered GetFiletree2
DEBUG 2015-11-25 22:16:23,424 app_tools 1267 140368867964672 ET090 Entered checksum
DEBUG 2015-11-25 22:16:23,425 app_tools 1267 140368867964672 ET091 Entered GetFiletree2
DEBUG 2015-11-25 22:16:23,427 app_tools 1267 140368867964672 ET090 Entered checksum
DEBUG 2015-11-25 22:16:23,428 app_tools 1267 140368867964672 ET090 Entered checksum
DEBUG 2015-11-25 22:16:23,431 app_tools 1267 140368867964672 ET090 Entered validate
DEBUG 2015-11-25 22:16:23,433 app_tools 1267 140368867964672 ET090 Entered getSchemaLocation
DEBUG 2015-11-25 22:16:23,709 app_tools 1267 140368867964672 ET090 Entered writeToFile
INFO 2015-11-25 22:16:23,710 app_tools 1267 140368867964672 Successfully created and validated Premis file /ESSArch/exchange/preingest/prepare/ip2/95e2bba6-93b9-11e5-a1bb-0018f3d01293/administrative_metadata/premis.xml
INFO 2015-11-25 22:16:23,710 app_tools 1267 140368867964672 Create METS xml file
INFO 2015-11-25 22:16:23,713 app_tools 1267 140368867964672 Successfully created content description file /ESSArch/exchange/preingest/prepare/ip2/95e2bba6-93b9-11e5-a1bb-0018f3d01293/mets.xml for IP B1 ÅÄÖ
INFO 2015-11-25 22:16:23,713 app_tools 1267 140368867964672 Validate METS xml file
DEBUG 2015-11-25 22:16:23,713 app_tools 1267 140368867964672 ET090 Entered validate
DEBUG 2015-11-25 22:16:23,715 app_tools 1267 140368867964672 ET090 Entered getSchemaLocation
INFO 2015-11-25 22:16:24,017 app_tools 1267 140368867964672 Successfully validated content description file /ESSArch/exchange/preingest/prepare/ip2/95e2bba6-93b9-11e5-a1bb-0018f3d01293/mets.xml
INFO 2015-11-25 22:16:24,017 app_tools 1267 140368867964672 Diffcheck inner METS xml file
DEBUG 2015-11-25 22:16:24,017 app_tools 1267 140368867964672 ET090 Entered DiffCheck_IP
DEBUG 2015-11-25 22:16:24,017 app_tools 1267 140368867964672 ET090 Entered getMETSFileList
DEBUG 2015-11-25 22:16:24,019 app_tools 1267 140368867964672 ET090 Entered getmd
DEBUG 2015-11-25 22:16:24,019 app_tools 1267 140368867964672 ET090 Entered getdiv
DEBUG 2015-11-25 22:16:24,019 app_tools 1267 140368867964672 ET090 Entered getdiv
DEBUG 2015-11-25 22:16:24,019 app_tools 1267 140368867964672 ET090 Entered getdiv
DEBUG 2015-11-25 22:16:24,020 app_tools 1267 140368867964672 ET090 Entered getdiv
DEBUG 2015-11-25 22:16:24,020 app_tools 1267 140368867964672 ET091 Entered GetFiletree2
DEBUG 2015-11-25 22:16:24,023 app_tools 1267 140368867964672 ET091 Entered GetFiletree2
DEBUG 2015-11-25 22:16:24,025 app_tools 1267 140368867964672 ET091 Entered GetFiletree2
DEBUG 2015-11-25 22:16:24,027 app_tools 1267 140368867964672 ET090 Entered checksum
DEBUG 2015-11-25 22:16:24,028 app_tools 1267 140368867964672 ET090 Entered checksum
DEBUG 2015-11-25 22:16:24,028 app_tools 1267 140368867964672 ET091 Entered GetFiletree2
DEBUG 2015-11-25 22:16:24,030 app_tools 1267 140368867964672 ET090 Entered checksum
DEBUG 2015-11-25 22:16:24,031 app_tools 1267 140368867964672 ET090 Entered checksum
DEBUG 2015-11-25 22:16:24,032 app_tools 1267 140368867964672 ET090 Entered checksum
INFO 2015-11-25 22:16:24,035 app_tools 1267 140368867964672 Physical files match the logical representation of content description file /ESSArch/exchange/preingest/prepare/ip2/95e2bba6-93b9-11e5-a1bb-0018f3d01293/mets.xml
INFO 2015-11-25 22:16:24,039 app_tools 1267 140368867964672 Successfully created IP tar file /ESSArch/exchange/preingest/reception/ip2/95e2bba6-93b9-11e5-a1bb-0018f3d01293.tar
INFO 2015-11-25 22:16:24,039 app_tools 1267 140368867964672 Create outer METS xml file
DEBUG 2015-11-25 22:16:24,039 app_tools 1267 140368867964672 ET090 Entered CreateMetsStructmap
DEBUG 2015-11-25 22:16:24,042 app_tools 1267 140368867964672 ET091 Entered GetFiletree2
DEBUG 2015-11-25 22:16:24,044 app_tools 1267 140368867964672 ET090 Entered checksum
INFO 2015-11-25 22:16:24,048 app_tools 1267 140368867964672 Successfully created package description file /ESSArch/exchange/preingest/reception/ip2/info.xml for IP tar file /ESSArch/exchange/preingest/reception/ip2/95e2bba6-93b9-11e5-a1bb-0018f3d01293
INFO 2015-11-25 22:16:24,049 app_tools 1267 140368867964672 Validate outer METS xml file
DEBUG 2015-11-25 22:16:24,049 app_tools 1267 140368867964672 ET090 Entered validate
DEBUG 2015-11-25 22:16:24,051 app_tools 1267 140368867964672 ET090 Entered getSchemaLocation
INFO 2015-11-25 22:16:24,351 app_tools 1267 140368867964672 Successfully validated package description file /ESSArch/exchange/preingest/reception/ip2/info.xml
INFO 2015-11-25 22:16:24,351 app_tools 1267 140368867964672 Diffcheck outer METS xml file
DEBUG 2015-11-25 22:16:24,351 app_tools 1267 140368867964672 ET090 Entered DiffCheck_IP
DEBUG 2015-11-25 22:16:24,351 app_tools 1267 140368867964672 ET090 Entered getMETSFileList
DEBUG 2015-11-25 22:16:24,352 app_tools 1267 140368867964672 ET090 Entered getdiv
DEBUG 2015-11-25 22:16:24,352 app_tools 1267 140368867964672 ET090 Entered getdiv
DEBUG 2015-11-25 22:16:24,352 app_tools 1267 140368867964672 ET090 Entered getdiv
DEBUG 2015-11-25 22:16:24,353 app_tools 1267 140368867964672 ET090 Entered getdiv
DEBUG 2015-11-25 22:16:24,353 app_tools 1267 140368867964672 ET091 Entered GetFiletree2
DEBUG 2015-11-25 22:16:24,356 app_tools 1267 140368867964672 ET090 Entered checksum
DEBUG 2015-11-25 22:16:24,358 app_tools 1267 140368867964672 ET090 Entered checksum
INFO 2015-11-25 22:16:24,359 app_tools 1267 140368867964672 Physical files match the logical representation of package description file /ESSArch/exchange/preingest/reception/ip2/info.xml
INFO 2015-11-25 22:16:24,459 views 1267 140368867964672 Successfully created package IP B1 ÅÄÖ
DEBUG 2015-11-25 22:16:24,476 app_tools 1281 140368867964672 ET090 Entered getSiteZone
DEBUG 2015-11-25 22:16:24,478 app_tools 1281 140368867964672 ET090 Entered getLogFilePath
DEBUG 2015-11-25 22:16:24,478 app_tools 1281 140368867964672 ET090 Entered getSiteZone
DEBUG 2015-11-25 22:16:25,856 app_tools 1267 140368792430336 ET090 Entered getSiteZone
DEBUG 2015-11-25 22:16:27,267 app_tools 1281 140368792430336 ET090 Entered getSiteZone
DEBUG 2015-11-25 22:16:27,272 app_tools 1281 140368792430336 ET091 Entered createIP
INFO 2015-11-25 22:16:27,272 app_tools 1281 140368792430336 Creating IP
DEBUG 2015-11-25 22:16:27,272 app_tools 1281 140368792430336 ET090 Entered getSiteZone
DEBUG 2015-11-25 22:16:27,284 app_tools 1281 140368792430336 ET090 Entered create_AgentList_NO
DEBUG 2015-11-25 22:16:27,284 app_tools 1281 140368792430336 ET090 Entered create_altRecordIDList_NO
INFO 2015-11-25 22:16:27,284 app_tools 1281 140368792430336 Copy PREMIS xsd file
DEBUG 2015-11-25 22:16:27,284 app_tools 1281 140368792430336 ET091 Entered copy_Schema
INFO 2015-11-25 22:16:27,348 app_tools 1281 140368792430336 Successfully saved XSD-file /ESSArch/exchange/preingest/prepare/ip3/a7de38d0-93b9-11e5-b793-0018f3d01293/administrative_metadata/DIAS_PREMIS.xsd
INFO 2015-11-25 22:16:27,348 app_tools 1281 140368792430336 Copy METS xsd file
DEBUG 2015-11-25 22:16:27,348 app_tools 1281 140368792430336 ET091 Entered copy_Schema
INFO 2015-11-25 22:16:27,452 app_tools 1281 140368792430336 Successfully saved XSD-file /ESSArch/exchange/preingest/prepare/ip3/a7de38d0-93b9-11e5-b793-0018f3d01293/mets.xsd
INFO 2015-11-25 22:16:27,452 app_tools 1281 140368792430336 Create PREMIS xml file
DEBUG 2015-11-25 22:16:27,452 app_tools 1281 140368792430336 ET090 Entered create_PremisFile
DEBUG 2015-11-25 22:16:27,453 app_tools 1281 140368792430336 ET090 Entered getSiteZone
DEBUG 2015-11-25 22:16:27,454 app_tools 1281 140368792430336 ET090 Entered CreateMetsStructmap
DEBUG 2015-11-25 22:16:27,456 app_tools 1281 140368792430336 ET091 Entered GetFiletree2
DEBUG 2015-11-25 22:16:27,458 app_tools 1281 140368792430336 ET091 Entered GetFiletree2
DEBUG 2015-11-25 22:16:27,459 app_tools 1281 140368792430336 ET091 Entered GetFiletree2
DEBUG 2015-11-25 22:16:27,461 app_tools 1281 140368792430336 ET090 Entered checksum
DEBUG 2015-11-25 22:16:27,461 app_tools 1281 140368792430336 ET091 Entered GetFiletree2
DEBUG 2015-11-25 22:16:27,463 app_tools 1281 140368792430336 ET090 Entered checksum
DEBUG 2015-11-25 22:16:27,463 app_tools 1281 140368792430336 ET090 Entered checksum
DEBUG 2015-11-25 22:16:27,465 app_tools 1281 140368792430336 ET090 Entered validate
DEBUG 2015-11-25 22:16:27,466 app_tools 1281 140368792430336 ET090 Entered getSchemaLocation
DEBUG 2015-11-25 22:16:27,735 app_tools 1281 140368792430336 ET090 Entered writeToFile
INFO 2015-11-25 22:16:27,735 app_tools 1281 140368792430336 Successfully created and validated Premis file /ESSArch/exchange/preingest/prepare/ip3/a7de38d0-93b9-11e5-b793-0018f3d01293/administrative_metadata/premis.xml
INFO 2015-11-25 22:16:27,736 app_tools 1281 140368792430336 Create METS xml file
INFO 2015-11-25 22:16:27,737 app_tools 1281 140368792430336 Successfully created content description file /ESSArch/exchange/preingest/prepare/ip3/a7de38d0-93b9-11e5-b793-0018f3d01293/mets.xml for IP C1 ÅÄÖ åäö §§ punkt
INFO 2015-11-25 22:16:27,737 app_tools 1281 140368792430336 Validate METS xml file
DEBUG 2015-11-25 22:16:27,738 app_tools 1281 140368792430336 ET090 Entered validate
DEBUG 2015-11-25 22:16:27,739 app_tools 1281 140368792430336 ET090 Entered getSchemaLocation
INFO 2015-11-25 22:16:28,040 app_tools 1281 140368792430336 Successfully validated content description file /ESSArch/exchange/preingest/prepare/ip3/a7de38d0-93b9-11e5-b793-0018f3d01293/mets.xml
INFO 2015-11-25 22:16:28,040 app_tools 1281 140368792430336 Diffcheck inner METS xml file
DEBUG 2015-11-25 22:16:28,040 app_tools 1281 140368792430336 ET090 Entered DiffCheck_IP
DEBUG 2015-11-25 22:16:28,040 app_tools 1281 140368792430336 ET090 Entered getMETSFileList
DEBUG 2015-11-25 22:16:28,041 app_tools 1281 140368792430336 ET090 Entered getmd
DEBUG 2015-11-25 22:16:28,042 app_tools 1281 140368792430336 ET090 Entered getdiv
DEBUG 2015-11-25 22:16:28,042 app_tools 1281 140368792430336 ET090 Entered getdiv
DEBUG 2015-11-25 22:16:28,042 app_tools 1281 140368792430336 ET090 Entered getdiv
DEBUG 2015-11-25 22:16:28,042 app_tools 1281 140368792430336 ET090 Entered getdiv
DEBUG 2015-11-25 22:16:28,043 app_tools 1281 140368792430336 ET091 Entered GetFiletree2
DEBUG 2015-11-25 22:16:28,045 app_tools 1281 140368792430336 ET091 Entered GetFiletree2
DEBUG 2015-11-25 22:16:28,047 app_tools 1281 140368792430336 ET091 Entered GetFiletree2
DEBUG 2015-11-25 22:16:28,050 app_tools 1281 140368792430336 ET090 Entered checksum
DEBUG 2015-11-25 22:16:28,050 app_tools 1281 140368792430336 ET090 Entered checksum
DEBUG 2015-11-25 22:16:28,051 app_tools 1281 140368792430336 ET091 Entered GetFiletree2
DEBUG 2015-11-25 22:16:28,053 app_tools 1281 140368792430336 ET090 Entered checksum
DEBUG 2015-11-25 22:16:28,053 app_tools 1281 140368792430336 ET090 Entered checksum
DEBUG 2015-11-25 22:16:28,055 app_tools 1281 140368792430336 ET090 Entered checksum
INFO 2015-11-25 22:16:28,057 app_tools 1281 140368792430336 Physical files match the logical representation of content description file /ESSArch/exchange/preingest/prepare/ip3/a7de38d0-93b9-11e5-b793-0018f3d01293/mets.xml
INFO 2015-11-25 22:16:28,061 app_tools 1281 140368792430336 Successfully created IP tar file /ESSArch/exchange/preingest/reception/ip3/a7de38d0-93b9-11e5-b793-0018f3d01293.tar
INFO 2015-11-25 22:16:28,062 app_tools 1281 140368792430336 Create outer METS xml file
DEBUG 2015-11-25 22:16:28,062 app_tools 1281 140368792430336 ET090 Entered CreateMetsStructmap
DEBUG 2015-11-25 22:16:28,065 app_tools 1281 140368792430336 ET091 Entered GetFiletree2
DEBUG 2015-11-25 22:16:28,067 app_tools 1281 140368792430336 ET090 Entered checksum
INFO 2015-11-25 22:16:28,071 app_tools 1281 140368792430336 Successfully created package description file /ESSArch/exchange/preingest/reception/ip3/info.xml for IP tar file /ESSArch/exchange/preingest/reception/ip3/a7de38d0-93b9-11e5-b793-0018f3d01293
INFO 2015-11-25 22:16:28,071 app_tools 1281 140368792430336 Validate outer METS xml file
DEBUG 2015-11-25 22:16:28,071 app_tools 1281 140368792430336 ET090 Entered validate
DEBUG 2015-11-25 22:16:28,073 app_tools 1281 140368792430336 ET090 Entered getSchemaLocation
INFO 2015-11-25 22:16:28,385 app_tools 1281 140368792430336 Successfully validated package description file /ESSArch/exchange/preingest/reception/ip3/info.xml
INFO 2015-11-25 22:16:28,385 app_tools 1281 140368792430336 Diffcheck outer METS xml file
DEBUG 2015-11-25 22:16:28,386 app_tools 1281 140368792430336 ET090 Entered DiffCheck_IP
DEBUG 2015-11-25 22:16:28,386 app_tools 1281 140368792430336 ET090 Entered getMETSFileList
DEBUG 2015-11-25 22:16:28,387 app_tools 1281 140368792430336 ET090 Entered getdiv
DEBUG 2015-11-25 22:16:28,387 app_tools 1281 140368792430336 ET090 Entered getdiv
DEBUG 2015-11-25 22:16:28,387 app_tools 1281 140368792430336 ET090 Entered getdiv
DEBUG 2015-11-25 22:16:28,387 app_tools 1281 140368792430336 ET090 Entered getdiv
DEBUG 2015-11-25 22:16:28,388 app_tools 1281 140368792430336 ET091 Entered GetFiletree2
DEBUG 2015-11-25 22:16:28,390 app_tools 1281 140368792430336 ET090 Entered checksum
DEBUG 2015-11-25 22:16:28,393 app_tools 1281 140368792430336 ET090 Entered checksum
INFO 2015-11-25 22:16:28,395 app_tools 1281 140368792430336 Physical files match the logical representation of package description file /ESSArch/exchange/preingest/reception/ip3/info.xml
INFO 2015-11-25 22:16:28,482 views 1281 140368792430336 Successfully created package IP C1 ÅÄÖ åäö §§ punkt
DEBUG 2015-11-25 22:16:28,495 app_tools 1267 140368867964672 ET090 Entered getSiteZone
DEBUG 2015-11-25 22:16:28,497 app_tools 1267 140368867964672 ET090 Entered getLogFilePath
DEBUG 2015-11-25 22:16:28,497 app_tools 1267 140368867964672 ET090 Entered getSiteZone
DEBUG 2015-11-25 22:16:31,529 app_tools 1281 140368867964672 ET090 Entered getSiteZone
DEBUG 2015-11-25 22:16:32,900 app_tools 1267 140368792430336 ET090 Entered getSiteZone
DEBUG 2015-11-25 22:16:32,905 app_tools 1267 140368792430336 ET091 Entered createIP
INFO 2015-11-25 22:16:32,905 app_tools 1267 140368792430336 Creating IP
DEBUG 2015-11-25 22:16:32,905 app_tools 1267 140368792430336 ET090 Entered getSiteZone
DEBUG 2015-11-25 22:16:32,916 app_tools 1267 140368792430336 ET090 Entered create_AgentList_NO
DEBUG 2015-11-25 22:16:32,917 app_tools 1267 140368792430336 ET090 Entered create_altRecordIDList_NO
INFO 2015-11-25 22:16:32,917 app_tools 1267 140368792430336 Copy PREMIS xsd file
DEBUG 2015-11-25 22:16:32,917 app_tools 1267 140368792430336 ET091 Entered copy_Schema
INFO 2015-11-25 22:16:32,983 app_tools 1267 140368792430336 Successfully saved XSD-file /ESSArch/exchange/preingest/prepare/ip4/c1168852-93b9-11e5-a1bb-0018f3d01293/administrative_metadata/DIAS_PREMIS.xsd
INFO 2015-11-25 22:16:32,983 app_tools 1267 140368792430336 Copy METS xsd file
DEBUG 2015-11-25 22:16:32,983 app_tools 1267 140368792430336 ET091 Entered copy_Schema
INFO 2015-11-25 22:16:33,098 app_tools 1267 140368792430336 Successfully saved XSD-file /ESSArch/exchange/preingest/prepare/ip4/c1168852-93b9-11e5-a1bb-0018f3d01293/mets.xsd
INFO 2015-11-25 22:16:33,098 app_tools 1267 140368792430336 Create PREMIS xml file
DEBUG 2015-11-25 22:16:33,098 app_tools 1267 140368792430336 ET090 Entered create_PremisFile
DEBUG 2015-11-25 22:16:33,099 app_tools 1267 140368792430336 ET090 Entered getSiteZone
DEBUG 2015-11-25 22:16:33,101 app_tools 1267 140368792430336 ET090 Entered CreateMetsStructmap
DEBUG 2015-11-25 22:16:33,104 app_tools 1267 140368792430336 ET091 Entered GetFiletree2
DEBUG 2015-11-25 22:16:33,106 app_tools 1267 140368792430336 ET091 Entered GetFiletree2
DEBUG 2015-11-25 22:16:33,108 app_tools 1267 140368792430336 ET091 Entered GetFiletree2
DEBUG 2015-11-25 22:16:33,110 app_tools 1267 140368792430336 ET090 Entered checksum
DEBUG 2015-11-25 22:16:33,111 app_tools 1267 140368792430336 ET091 Entered GetFiletree2
DEBUG 2015-11-25 22:16:33,113 app_tools 1267 140368792430336 ET090 Entered checksum
DEBUG 2015-11-25 22:16:33,114 app_tools 1267 140368792430336 ET090 Entered checksum
DEBUG 2015-11-25 22:16:33,117 app_tools 1267 140368792430336 ET090 Entered validate
DEBUG 2015-11-25 22:16:33,119 app_tools 1267 140368792430336 ET090 Entered getSchemaLocation
DEBUG 2015-11-25 22:16:33,403 app_tools 1267 140368792430336 ET090 Entered writeToFile
INFO 2015-11-25 22:16:33,404 app_tools 1267 140368792430336 Successfully created and validated Premis file /ESSArch/exchange/preingest/prepare/ip4/c1168852-93b9-11e5-a1bb-0018f3d01293/administrative_metadata/premis.xml
INFO 2015-11-25 22:16:33,404 app_tools 1267 140368792430336 Create METS xml file
INFO 2015-11-25 22:16:33,407 app_tools 1267 140368792430336 Successfully created content description file /ESSArch/exchange/preingest/prepare/ip4/c1168852-93b9-11e5-a1bb-0018f3d01293/mets.xml for IP  A1 eva
INFO 2015-11-25 22:16:33,407 app_tools 1267 140368792430336 Validate METS xml file
DEBUG 2015-11-25 22:16:33,407 app_tools 1267 140368792430336 ET090 Entered validate
DEBUG 2015-11-25 22:16:33,409 app_tools 1267 140368792430336 ET090 Entered getSchemaLocation
INFO 2015-11-25 22:16:33,712 app_tools 1267 140368792430336 Successfully validated content description file /ESSArch/exchange/preingest/prepare/ip4/c1168852-93b9-11e5-a1bb-0018f3d01293/mets.xml
INFO 2015-11-25 22:16:33,713 app_tools 1267 140368792430336 Diffcheck inner METS xml file
DEBUG 2015-11-25 22:16:33,713 app_tools 1267 140368792430336 ET090 Entered DiffCheck_IP
DEBUG 2015-11-25 22:16:33,713 app_tools 1267 140368792430336 ET090 Entered getMETSFileList
DEBUG 2015-11-25 22:16:33,714 app_tools 1267 140368792430336 ET090 Entered getmd
DEBUG 2015-11-25 22:16:33,714 app_tools 1267 140368792430336 ET090 Entered getdiv
DEBUG 2015-11-25 22:16:33,715 app_tools 1267 140368792430336 ET090 Entered getdiv
DEBUG 2015-11-25 22:16:33,715 app_tools 1267 140368792430336 ET090 Entered getdiv
DEBUG 2015-11-25 22:16:33,715 app_tools 1267 140368792430336 ET090 Entered getdiv
DEBUG 2015-11-25 22:16:33,716 app_tools 1267 140368792430336 ET091 Entered GetFiletree2
DEBUG 2015-11-25 22:16:33,718 app_tools 1267 140368792430336 ET091 Entered GetFiletree2
DEBUG 2015-11-25 22:16:33,720 app_tools 1267 140368792430336 ET091 Entered GetFiletree2
DEBUG 2015-11-25 22:16:33,723 app_tools 1267 140368792430336 ET090 Entered checksum
DEBUG 2015-11-25 22:16:33,724 app_tools 1267 140368792430336 ET090 Entered checksum
DEBUG 2015-11-25 22:16:33,724 app_tools 1267 140368792430336 ET091 Entered GetFiletree2
DEBUG 2015-11-25 22:16:33,726 app_tools 1267 140368792430336 ET090 Entered checksum
DEBUG 2015-11-25 22:16:33,727 app_tools 1267 140368792430336 ET090 Entered checksum
DEBUG 2015-11-25 22:16:33,728 app_tools 1267 140368792430336 ET090 Entered checksum
INFO 2015-11-25 22:16:33,731 app_tools 1267 140368792430336 Physical files match the logical representation of content description file /ESSArch/exchange/preingest/prepare/ip4/c1168852-93b9-11e5-a1bb-0018f3d01293/mets.xml
INFO 2015-11-25 22:16:33,735 app_tools 1267 140368792430336 Successfully created IP tar file /ESSArch/exchange/preingest/reception/ip4/c1168852-93b9-11e5-a1bb-0018f3d01293.tar
INFO 2015-11-25 22:16:33,735 app_tools 1267 140368792430336 Create outer METS xml file
DEBUG 2015-11-25 22:16:33,735 app_tools 1267 140368792430336 ET090 Entered CreateMetsStructmap
DEBUG 2015-11-25 22:16:33,737 app_tools 1267 140368792430336 ET091 Entered GetFiletree2
DEBUG 2015-11-25 22:16:33,739 app_tools 1267 140368792430336 ET090 Entered checksum
INFO 2015-11-25 22:16:33,742 app_tools 1267 140368792430336 Successfully created package description file /ESSArch/exchange/preingest/reception/ip4/info.xml for IP tar file /ESSArch/exchange/preingest/reception/ip4/c1168852-93b9-11e5-a1bb-0018f3d01293
INFO 2015-11-25 22:16:33,742 app_tools 1267 140368792430336 Validate outer METS xml file
DEBUG 2015-11-25 22:16:33,742 app_tools 1267 140368792430336 ET090 Entered validate
DEBUG 2015-11-25 22:16:33,743 app_tools 1267 140368792430336 ET090 Entered getSchemaLocation
INFO 2015-11-25 22:16:34,039 app_tools 1267 140368792430336 Successfully validated package description file /ESSArch/exchange/preingest/reception/ip4/info.xml
INFO 2015-11-25 22:16:34,040 app_tools 1267 140368792430336 Diffcheck outer METS xml file
DEBUG 2015-11-25 22:16:34,040 app_tools 1267 140368792430336 ET090 Entered DiffCheck_IP
DEBUG 2015-11-25 22:16:34,040 app_tools 1267 140368792430336 ET090 Entered getMETSFileList
DEBUG 2015-11-25 22:16:34,041 app_tools 1267 140368792430336 ET090 Entered getdiv
DEBUG 2015-11-25 22:16:34,041 app_tools 1267 140368792430336 ET090 Entered getdiv
DEBUG 2015-11-25 22:16:34,041 app_tools 1267 140368792430336 ET090 Entered getdiv
DEBUG 2015-11-25 22:16:34,041 app_tools 1267 140368792430336 ET090 Entered getdiv
DEBUG 2015-11-25 22:16:34,042 app_tools 1267 140368792430336 ET091 Entered GetFiletree2
DEBUG 2015-11-25 22:16:34,044 app_tools 1267 140368792430336 ET090 Entered checksum
DEBUG 2015-11-25 22:16:34,047 app_tools 1267 140368792430336 ET090 Entered checksum
INFO 2015-11-25 22:16:34,049 app_tools 1267 140368792430336 Physical files match the logical representation of package description file /ESSArch/exchange/preingest/reception/ip4/info.xml
INFO 2015-11-25 22:16:34,138 views 1267 140368792430336 Successfully created package IP  A1 eva
DEBUG 2015-11-25 22:16:34,151 app_tools 1281 140368792430336 ET090 Entered getSiteZone
DEBUG 2015-11-25 22:16:34,152 app_tools 1281 140368792430336 ET090 Entered getLogFilePath
DEBUG 2015-11-25 22:16:34,153 app_tools 1281 140368792430336 ET090 Entered getSiteZone
DEBUG 2015-11-25 22:16:36,673 app_tools 1267 140368867964672 ET090 Entered getSiteZone
DEBUG 2015-11-25 22:16:37,883 app_tools 1281 140368867964672 ET090 Entered getSiteZone
DEBUG 2015-11-25 22:16:40,961 app_tools 1267 140368792430336 ET090 Entered getSiteZone
INFO 2015-11-25 22:16:40,966 views 1267 140368792430336 send_mail of package description /ESSArch/exchange/preingest/reception/ip1/info.xml starts
INFO 2015-11-25 22:16:41,027 views 1267 140368792430336 send_mail of package description /ESSArch/exchange/preingest/reception/ip1/info.xml ends
INFO 2015-11-25 22:16:41,028 views 1267 140368792430336 Successfully delivered package IP A1 åaö to destination /ESSArch/exchange/ingest/reception/ip1
DEBUG 2015-11-25 22:16:41,131 app_tools 1281 140368792430336 ET090 Entered getSiteZone
DEBUG 2015-11-25 22:16:42,355 app_tools 1267 140368867964672 ET090 Entered getSiteZone
DEBUG 2015-11-25 22:16:44,895 app_tools 1281 140368867964672 ET090 Entered getSiteZone
INFO 2015-11-25 22:16:44,901 views 1281 140368867964672 send_mail of package description /ESSArch/exchange/preingest/reception/ip2/info.xml starts
INFO 2015-11-25 22:16:44,943 views 1281 140368867964672 send_mail of package description /ESSArch/exchange/preingest/reception/ip2/info.xml ends
INFO 2015-11-25 22:16:44,944 views 1281 140368867964672 Successfully delivered package IP B1 ÅÄÖ to destination /ESSArch/exchange/ingest/reception/ip2
DEBUG 2015-11-25 22:16:45,063 app_tools 1267 140368792430336 ET090 Entered getSiteZone
DEBUG 2015-11-25 22:16:46,499 app_tools 1281 140368792430336 ET090 Entered getSiteZone
DEBUG 2015-11-25 22:16:48,889 app_tools 1267 140368867964672 ET090 Entered getSiteZone
INFO 2015-11-25 22:16:48,893 views 1267 140368867964672 send_mail of package description /ESSArch/exchange/preingest/reception/ip3/info.xml starts
INFO 2015-11-25 22:16:48,933 views 1267 140368867964672 send_mail of package description /ESSArch/exchange/preingest/reception/ip3/info.xml ends
INFO 2015-11-25 22:16:48,933 views 1267 140368867964672 Successfully delivered package IP C1 ÅÄÖ åäö §§ punkt to destination /ESSArch/exchange/ingest/reception/ip3
DEBUG 2015-11-25 22:16:49,052 app_tools 1281 140368867964672 ET090 Entered getSiteZone
DEBUG 2015-11-25 22:16:50,346 app_tools 1267 140368792430336 ET090 Entered getSiteZone
DEBUG 2015-11-25 22:16:52,774 app_tools 1281 140368792430336 ET090 Entered getSiteZone
INFO 2015-11-25 22:16:52,778 views 1281 140368792430336 send_mail of package description /ESSArch/exchange/preingest/reception/ip4/info.xml starts
INFO 2015-11-25 22:16:52,808 views 1281 140368792430336 send_mail of package description /ESSArch/exchange/preingest/reception/ip4/info.xml ends
INFO 2015-11-25 22:16:52,808 views 1281 140368792430336 Successfully delivered package IP  A1 eva to destination /ESSArch/exchange/ingest/reception/ip4
DEBUG 2015-11-25 22:16:52,919 app_tools 1267 140368867964672 ET090 Entered getSiteZone
DEBUG 2015-11-25 22:24:13,511 app_tools 1281 140368867964672 ET090 Entered getSiteZone
DEBUG 2015-11-25 22:24:13,512 app_tools 1281 140368867964672 ET090 Entered getLogFilePath
DEBUG 2015-11-25 22:24:13,513 app_tools 1281 140368867964672 ET090 Entered getSiteZone
DEBUG 2015-11-25 22:24:23,791 app_tools 1267 140368792430336 ET090 Entered getSiteZone
DEBUG 2015-11-25 22:24:23,793 app_tools 1267 140368792430336 ET090 Entered prepareIP
INFO 2015-11-25 22:24:23,793 app_tools 1267 140368792430336 Preparing IP
DEBUG 2015-11-25 22:24:23,793 app_tools 1267 140368792430336 ET090 Entered getSiteZone
DEBUG 2015-11-25 22:24:23,797 app_tools 1267 140368792430336 ET090 Entered getLogFilePath
DEBUG 2015-11-25 22:24:23,797 app_tools 1267 140368792430336 ET090 Entered getSiteZone
DEBUG 2015-11-25 22:24:23,800 app_tools 1267 140368792430336 ET090 Entered getLogFilePath
DEBUG 2015-11-25 22:24:23,800 app_tools 1267 140368792430336 ET090 Entered getSiteZone
DEBUG 2015-11-25 22:24:23,803 app_tools 1267 140368792430336 ET090 Entered createIPdirectory
DEBUG 2015-11-25 22:24:23,803 app_tools 1267 140368792430336 ET090 Entered getSiteZone
INFO 2015-11-25 22:24:23,885 views 1267 140368792430336 Successfully prepared package IP A1 äää and created log file
DEBUG 2015-11-25 22:24:23,897 app_tools 1281 140368792430336 ET090 Entered getSiteZone
DEBUG 2015-11-25 22:24:23,899 app_tools 1281 140368792430336 ET090 Entered getLogFilePath
DEBUG 2015-11-25 22:24:23,899 app_tools 1281 140368792430336 ET090 Entered getSiteZone
DEBUG 2015-11-25 22:24:24,928 app_tools 1267 140368867964672 ET090 Entered getSiteZone
DEBUG 2015-11-25 22:24:26,642 app_tools 1281 140368867964672 ET090 Entered getSiteZone
DEBUG 2015-11-25 22:24:26,647 app_tools 1281 140368867964672 ET091 Entered createIP
INFO 2015-11-25 22:24:26,647 app_tools 1281 140368867964672 Creating IP
DEBUG 2015-11-25 22:24:26,647 app_tools 1281 140368867964672 ET090 Entered getSiteZone
DEBUG 2015-11-25 22:24:26,661 app_tools 1281 140368867964672 ET090 Entered create_AgentList_NO
DEBUG 2015-11-25 22:24:26,661 app_tools 1281 140368867964672 ET090 Entered create_altRecordIDList_NO
INFO 2015-11-25 22:24:26,661 app_tools 1281 140368867964672 Copy PREMIS xsd file
DEBUG 2015-11-25 22:24:26,661 app_tools 1281 140368867964672 ET091 Entered copy_Schema
INFO 2015-11-25 22:24:26,723 app_tools 1281 140368867964672 Successfully saved XSD-file /ESSArch/exchange/preingest/prepare/ip1/e61562da-93ba-11e5-9a4f-0018f3d01293/administrative_metadata/DIAS_PREMIS.xsd
INFO 2015-11-25 22:24:26,723 app_tools 1281 140368867964672 Copy METS xsd file
DEBUG 2015-11-25 22:24:26,723 app_tools 1281 140368867964672 ET091 Entered copy_Schema
INFO 2015-11-25 22:24:26,818 app_tools 1281 140368867964672 Successfully saved XSD-file /ESSArch/exchange/preingest/prepare/ip1/e61562da-93ba-11e5-9a4f-0018f3d01293/mets.xsd
INFO 2015-11-25 22:24:26,818 app_tools 1281 140368867964672 Create PREMIS xml file
DEBUG 2015-11-25 22:24:26,818 app_tools 1281 140368867964672 ET090 Entered create_PremisFile
DEBUG 2015-11-25 22:24:26,818 app_tools 1281 140368867964672 ET090 Entered getSiteZone
DEBUG 2015-11-25 22:24:26,820 app_tools 1281 140368867964672 ET090 Entered CreateMetsStructmap
DEBUG 2015-11-25 22:24:26,823 app_tools 1281 140368867964672 ET091 Entered GetFiletree2
DEBUG 2015-11-25 22:24:26,825 app_tools 1281 140368867964672 ET091 Entered GetFiletree2
DEBUG 2015-11-25 22:24:26,828 app_tools 1281 140368867964672 ET091 Entered GetFiletree2
DEBUG 2015-11-25 22:24:26,830 app_tools 1281 140368867964672 ET090 Entered checksum
DEBUG 2015-11-25 22:24:26,831 app_tools 1281 140368867964672 ET091 Entered GetFiletree2
DEBUG 2015-11-25 22:24:26,833 app_tools 1281 140368867964672 ET090 Entered checksum
DEBUG 2015-11-25 22:24:26,833 app_tools 1281 140368867964672 ET090 Entered checksum
DEBUG 2015-11-25 22:24:26,836 app_tools 1281 140368867964672 ET090 Entered validate
DEBUG 2015-11-25 22:24:26,837 app_tools 1281 140368867964672 ET090 Entered getSchemaLocation
DEBUG 2015-11-25 22:24:27,105 app_tools 1281 140368867964672 ET090 Entered writeToFile
INFO 2015-11-25 22:24:27,106 app_tools 1281 140368867964672 Successfully created and validated Premis file /ESSArch/exchange/preingest/prepare/ip1/e61562da-93ba-11e5-9a4f-0018f3d01293/administrative_metadata/premis.xml
INFO 2015-11-25 22:24:27,106 app_tools 1281 140368867964672 Create METS xml file
INFO 2015-11-25 22:24:27,107 app_tools 1281 140368867964672 Successfully created content description file /ESSArch/exchange/preingest/prepare/ip1/e61562da-93ba-11e5-9a4f-0018f3d01293/mets.xml for IP A1 äää
INFO 2015-11-25 22:24:27,108 app_tools 1281 140368867964672 Validate METS xml file
DEBUG 2015-11-25 22:24:27,108 app_tools 1281 140368867964672 ET090 Entered validate
DEBUG 2015-11-25 22:24:27,109 app_tools 1281 140368867964672 ET090 Entered getSchemaLocation
INFO 2015-11-25 22:24:27,407 app_tools 1281 140368867964672 Successfully validated content description file /ESSArch/exchange/preingest/prepare/ip1/e61562da-93ba-11e5-9a4f-0018f3d01293/mets.xml
INFO 2015-11-25 22:24:27,407 app_tools 1281 140368867964672 Diffcheck inner METS xml file
DEBUG 2015-11-25 22:24:27,407 app_tools 1281 140368867964672 ET090 Entered DiffCheck_IP
DEBUG 2015-11-25 22:24:27,407 app_tools 1281 140368867964672 ET090 Entered getMETSFileList
DEBUG 2015-11-25 22:24:27,408 app_tools 1281 140368867964672 ET090 Entered getmd
DEBUG 2015-11-25 22:24:27,409 app_tools 1281 140368867964672 ET090 Entered getdiv
DEBUG 2015-11-25 22:24:27,409 app_tools 1281 140368867964672 ET090 Entered getdiv
DEBUG 2015-11-25 22:24:27,409 app_tools 1281 140368867964672 ET090 Entered getdiv
DEBUG 2015-11-25 22:24:27,409 app_tools 1281 140368867964672 ET090 Entered getdiv
DEBUG 2015-11-25 22:24:27,410 app_tools 1281 140368867964672 ET091 Entered GetFiletree2
DEBUG 2015-11-25 22:24:27,412 app_tools 1281 140368867964672 ET091 Entered GetFiletree2
DEBUG 2015-11-25 22:24:27,414 app_tools 1281 140368867964672 ET091 Entered GetFiletree2
DEBUG 2015-11-25 22:24:27,417 app_tools 1281 140368867964672 ET090 Entered checksum
DEBUG 2015-11-25 22:24:27,417 app_tools 1281 140368867964672 ET090 Entered checksum
DEBUG 2015-11-25 22:24:27,418 app_tools 1281 140368867964672 ET091 Entered GetFiletree2
DEBUG 2015-11-25 22:24:27,420 app_tools 1281 140368867964672 ET090 Entered checksum
DEBUG 2015-11-25 22:24:27,420 app_tools 1281 140368867964672 ET090 Entered checksum
DEBUG 2015-11-25 22:24:27,422 app_tools 1281 140368867964672 ET090 Entered checksum
INFO 2015-11-25 22:24:27,424 app_tools 1281 140368867964672 Physical files match the logical representation of content description file /ESSArch/exchange/preingest/prepare/ip1/e61562da-93ba-11e5-9a4f-0018f3d01293/mets.xml
INFO 2015-11-25 22:24:27,428 app_tools 1281 140368867964672 Successfully created IP tar file /ESSArch/exchange/preingest/reception/ip1/e61562da-93ba-11e5-9a4f-0018f3d01293.tar
INFO 2015-11-25 22:24:27,428 app_tools 1281 140368867964672 Create outer METS xml file
DEBUG 2015-11-25 22:24:27,428 app_tools 1281 140368867964672 ET090 Entered CreateMetsStructmap
DEBUG 2015-11-25 22:24:27,432 app_tools 1281 140368867964672 ET091 Entered GetFiletree2
DEBUG 2015-11-25 22:24:27,434 app_tools 1281 140368867964672 ET090 Entered checksum
INFO 2015-11-25 22:24:27,438 app_tools 1281 140368867964672 Successfully created package description file /ESSArch/exchange/preingest/reception/ip1/info.xml for IP tar file /ESSArch/exchange/preingest/reception/ip1/e61562da-93ba-11e5-9a4f-0018f3d01293
INFO 2015-11-25 22:24:27,438 app_tools 1281 140368867964672 Validate outer METS xml file
DEBUG 2015-11-25 22:24:27,438 app_tools 1281 140368867964672 ET090 Entered validate
DEBUG 2015-11-25 22:24:27,440 app_tools 1281 140368867964672 ET090 Entered getSchemaLocation
INFO 2015-11-25 22:24:27,738 app_tools 1281 140368867964672 Successfully validated package description file /ESSArch/exchange/preingest/reception/ip1/info.xml
INFO 2015-11-25 22:24:27,739 app_tools 1281 140368867964672 Diffcheck outer METS xml file
DEBUG 2015-11-25 22:24:27,739 app_tools 1281 140368867964672 ET090 Entered DiffCheck_IP
DEBUG 2015-11-25 22:24:27,739 app_tools 1281 140368867964672 ET090 Entered getMETSFileList
DEBUG 2015-11-25 22:24:27,740 app_tools 1281 140368867964672 ET090 Entered getdiv
DEBUG 2015-11-25 22:24:27,740 app_tools 1281 140368867964672 ET090 Entered getdiv
DEBUG 2015-11-25 22:24:27,740 app_tools 1281 140368867964672 ET090 Entered getdiv
DEBUG 2015-11-25 22:24:27,740 app_tools 1281 140368867964672 ET090 Entered getdiv
DEBUG 2015-11-25 22:24:27,741 app_tools 1281 140368867964672 ET091 Entered GetFiletree2
DEBUG 2015-11-25 22:24:27,743 app_tools 1281 140368867964672 ET090 Entered checksum
DEBUG 2015-11-25 22:24:27,746 app_tools 1281 140368867964672 ET090 Entered checksum
INFO 2015-11-25 22:24:27,748 app_tools 1281 140368867964672 Physical files match the logical representation of package description file /ESSArch/exchange/preingest/reception/ip1/info.xml
INFO 2015-11-25 22:24:27,844 views 1281 140368867964672 Successfully created package IP A1 äää
DEBUG 2015-11-25 22:24:27,856 app_tools 1267 140368792430336 ET090 Entered getSiteZone
DEBUG 2015-11-25 22:24:27,857 app_tools 1267 140368792430336 ET090 Entered getLogFilePath
DEBUG 2015-11-25 22:24:27,857 app_tools 1267 140368792430336 ET090 Entered getSiteZone
DEBUG 2015-11-25 22:24:29,736 app_tools 1281 140368792430336 ET090 Entered getSiteZone
DEBUG 2015-11-25 22:24:30,944 app_tools 1267 140368867964672 ET090 Entered getSiteZone
DEBUG 2015-11-25 22:24:33,758 app_tools 1281 140368867964672 ET090 Entered getSiteZone
INFO 2015-11-25 22:24:33,762 views 1281 140368867964672 send_mail of package description /ESSArch/exchange/preingest/reception/ip1/info.xml starts
INFO 2015-11-25 22:24:33,842 views 1281 140368867964672 send_mail of package description /ESSArch/exchange/preingest/reception/ip1/info.xml ends
INFO 2015-11-25 22:24:33,842 views 1281 140368867964672 Successfully delivered package IP A1 äää to destination /ESSArch/exchange/ingest/reception/ip5
DEBUG 2015-11-25 22:24:33,953 app_tools 1267 140368792430336 ET090 Entered getSiteZone
DEBUG 2015-11-29 14:27:50,671 app_tools 1281 140368792430336 ET090 Entered getSiteZone
DEBUG 2015-11-29 14:27:52,246 app_tools 1267 140368792430336 ET090 Entered getSiteZone
DEBUG 2015-11-29 14:27:52,248 app_tools 1267 140368792430336 ET090 Entered getLogFilePath
DEBUG 2015-11-29 14:27:52,248 app_tools 1267 140368792430336 ET090 Entered getSiteZone
DEBUG 2015-11-29 14:27:56,366 app_tools 1281 140368867964672 ET090 Entered getSiteZone
DEBUG 2015-11-29 14:27:56,368 app_tools 1281 140368867964672 ET090 Entered prepareIP
INFO 2015-11-29 14:27:56,368 app_tools 1281 140368867964672 Preparing IP
DEBUG 2015-11-29 14:27:56,368 app_tools 1281 140368867964672 ET090 Entered getSiteZone
DEBUG 2015-11-29 14:27:56,372 app_tools 1281 140368867964672 ET090 Entered getLogFilePath
DEBUG 2015-11-29 14:27:56,372 app_tools 1281 140368867964672 ET090 Entered getSiteZone
DEBUG 2015-11-29 14:27:56,375 app_tools 1281 140368867964672 ET090 Entered getLogFilePath
DEBUG 2015-11-29 14:27:56,375 app_tools 1281 140368867964672 ET090 Entered getSiteZone
DEBUG 2015-11-29 14:27:56,378 app_tools 1281 140368867964672 ET090 Entered createIPdirectory
DEBUG 2015-11-29 14:27:56,378 app_tools 1281 140368867964672 ET090 Entered getSiteZone
INFO 2015-11-29 14:27:56,483 views 1281 140368867964672 Successfully prepared package IP T100 and created log file
DEBUG 2015-11-29 14:27:56,497 app_tools 1267 140368867964672 ET090 Entered getSiteZone
DEBUG 2015-11-29 14:27:56,499 app_tools 1267 140368867964672 ET090 Entered getLogFilePath
DEBUG 2015-11-29 14:27:56,499 app_tools 1267 140368867964672 ET090 Entered getSiteZone
DEBUG 2015-11-29 14:28:00,943 app_tools 1281 140368792430336 ET090 Entered getSiteZone
DEBUG 2015-11-29 14:28:00,946 app_tools 1281 140368792430336 ET090 Entered prepareIP
INFO 2015-11-29 14:28:00,946 app_tools 1281 140368792430336 Preparing IP
DEBUG 2015-11-29 14:28:00,946 app_tools 1281 140368792430336 ET090 Entered getSiteZone
DEBUG 2015-11-29 14:28:00,950 app_tools 1281 140368792430336 ET090 Entered getLogFilePath
DEBUG 2015-11-29 14:28:00,950 app_tools 1281 140368792430336 ET090 Entered getSiteZone
DEBUG 2015-11-29 14:28:00,952 app_tools 1281 140368792430336 ET090 Entered getLogFilePath
DEBUG 2015-11-29 14:28:00,953 app_tools 1281 140368792430336 ET090 Entered getSiteZone
DEBUG 2015-11-29 14:28:00,955 app_tools 1281 140368792430336 ET090 Entered createIPdirectory
DEBUG 2015-11-29 14:28:00,955 app_tools 1281 140368792430336 ET090 Entered getSiteZone
INFO 2015-11-29 14:28:01,048 views 1281 140368792430336 Successfully prepared package IP T101 and created log file
DEBUG 2015-11-29 14:28:01,059 app_tools 1267 140368792430336 ET090 Entered getSiteZone
DEBUG 2015-11-29 14:28:01,061 app_tools 1267 140368792430336 ET090 Entered getLogFilePath
DEBUG 2015-11-29 14:28:01,061 app_tools 1267 140368792430336 ET090 Entered getSiteZone
DEBUG 2015-11-29 14:28:04,725 app_tools 1281 140368867964672 ET090 Entered getSiteZone
DEBUG 2015-11-29 14:28:04,728 app_tools 1281 140368867964672 ET090 Entered prepareIP
INFO 2015-11-29 14:28:04,728 app_tools 1281 140368867964672 Preparing IP
DEBUG 2015-11-29 14:28:04,728 app_tools 1281 140368867964672 ET090 Entered getSiteZone
DEBUG 2015-11-29 14:28:04,732 app_tools 1281 140368867964672 ET090 Entered getLogFilePath
DEBUG 2015-11-29 14:28:04,732 app_tools 1281 140368867964672 ET090 Entered getSiteZone
DEBUG 2015-11-29 14:28:04,734 app_tools 1281 140368867964672 ET090 Entered getLogFilePath
DEBUG 2015-11-29 14:28:04,734 app_tools 1281 140368867964672 ET090 Entered getSiteZone
DEBUG 2015-11-29 14:28:04,737 app_tools 1281 140368867964672 ET090 Entered createIPdirectory
DEBUG 2015-11-29 14:28:04,737 app_tools 1281 140368867964672 ET090 Entered getSiteZone
INFO 2015-11-29 14:28:04,830 views 1281 140368867964672 Successfully prepared package IP T102 and created log file
DEBUG 2015-11-29 14:28:04,842 app_tools 1267 140368867964672 ET090 Entered getSiteZone
DEBUG 2015-11-29 14:28:04,844 app_tools 1267 140368867964672 ET090 Entered getLogFilePath
DEBUG 2015-11-29 14:28:04,844 app_tools 1267 140368867964672 ET090 Entered getSiteZone
DEBUG 2015-11-29 14:28:06,232 app_tools 1281 140368792430336 ET090 Entered getSiteZone
DEBUG 2015-11-29 14:28:07,780 app_tools 1267 140368792430336 ET090 Entered getSiteZone
DEBUG 2015-11-29 14:28:07,784 app_tools 1267 140368792430336 ET091 Entered createIP
INFO 2015-11-29 14:28:07,784 app_tools 1267 140368792430336 Creating IP
DEBUG 2015-11-29 14:28:07,784 app_tools 1267 140368792430336 ET090 Entered getSiteZone
DEBUG 2015-11-29 14:28:07,796 app_tools 1267 140368792430336 ET090 Entered create_AgentList_NO
DEBUG 2015-11-29 14:28:07,796 app_tools 1267 140368792430336 ET090 Entered create_altRecordIDList_NO
INFO 2015-11-29 14:28:07,796 app_tools 1267 140368792430336 Copy PREMIS xsd file
DEBUG 2015-11-29 14:28:07,796 app_tools 1267 140368792430336 ET091 Entered copy_Schema
INFO 2015-11-29 14:28:07,875 app_tools 1267 140368792430336 Successfully saved XSD-file /ESSArch/exchange/preingest/prepare/ip1/004d87ba-969d-11e5-b793-0018f3d01293/administrative_metadata/DIAS_PREMIS.xsd
INFO 2015-11-29 14:28:07,875 app_tools 1267 140368792430336 Copy METS xsd file
DEBUG 2015-11-29 14:28:07,875 app_tools 1267 140368792430336 ET091 Entered copy_Schema
INFO 2015-11-29 14:28:07,983 app_tools 1267 140368792430336 Successfully saved XSD-file /ESSArch/exchange/preingest/prepare/ip1/004d87ba-969d-11e5-b793-0018f3d01293/mets.xsd
INFO 2015-11-29 14:28:07,983 app_tools 1267 140368792430336 Create PREMIS xml file
DEBUG 2015-11-29 14:28:07,983 app_tools 1267 140368792430336 ET090 Entered create_PremisFile
DEBUG 2015-11-29 14:28:07,984 app_tools 1267 140368792430336 ET090 Entered getSiteZone
DEBUG 2015-11-29 14:28:07,986 app_tools 1267 140368792430336 ET090 Entered CreateMetsStructmap
DEBUG 2015-11-29 14:28:07,989 app_tools 1267 140368792430336 ET091 Entered GetFiletree2
DEBUG 2015-11-29 14:28:07,992 app_tools 1267 140368792430336 ET091 Entered GetFiletree2
DEBUG 2015-11-29 14:28:07,994 app_tools 1267 140368792430336 ET091 Entered GetFiletree2
DEBUG 2015-11-29 14:28:07,996 app_tools 1267 140368792430336 ET090 Entered checksum
DEBUG 2015-11-29 14:28:07,997 app_tools 1267 140368792430336 ET091 Entered GetFiletree2
DEBUG 2015-11-29 14:28:07,999 app_tools 1267 140368792430336 ET090 Entered checksum
DEBUG 2015-11-29 14:28:07,999 app_tools 1267 140368792430336 ET090 Entered checksum
DEBUG 2015-11-29 14:28:08,002 app_tools 1267 140368792430336 ET090 Entered validate
DEBUG 2015-11-29 14:28:08,004 app_tools 1267 140368792430336 ET090 Entered getSchemaLocation
DEBUG 2015-11-29 14:28:08,547 app_tools 1267 140368792430336 ET090 Entered writeToFile
INFO 2015-11-29 14:28:08,548 app_tools 1267 140368792430336 Successfully created and validated Premis file /ESSArch/exchange/preingest/prepare/ip1/004d87ba-969d-11e5-b793-0018f3d01293/administrative_metadata/premis.xml
INFO 2015-11-29 14:28:08,548 app_tools 1267 140368792430336 Create METS xml file
INFO 2015-11-29 14:28:08,551 app_tools 1267 140368792430336 Successfully created content description file /ESSArch/exchange/preingest/prepare/ip1/004d87ba-969d-11e5-b793-0018f3d01293/mets.xml for IP T100
INFO 2015-11-29 14:28:08,551 app_tools 1267 140368792430336 Validate METS xml file
DEBUG 2015-11-29 14:28:08,551 app_tools 1267 140368792430336 ET090 Entered validate
DEBUG 2015-11-29 14:28:08,553 app_tools 1267 140368792430336 ET090 Entered getSchemaLocation
INFO 2015-11-29 14:28:08,876 app_tools 1267 140368792430336 Successfully validated content description file /ESSArch/exchange/preingest/prepare/ip1/004d87ba-969d-11e5-b793-0018f3d01293/mets.xml
INFO 2015-11-29 14:28:08,876 app_tools 1267 140368792430336 Diffcheck inner METS xml file
DEBUG 2015-11-29 14:28:08,876 app_tools 1267 140368792430336 ET090 Entered DiffCheck_IP
DEBUG 2015-11-29 14:28:08,876 app_tools 1267 140368792430336 ET090 Entered getMETSFileList
DEBUG 2015-11-29 14:28:08,877 app_tools 1267 140368792430336 ET090 Entered getmd
DEBUG 2015-11-29 14:28:08,878 app_tools 1267 140368792430336 ET090 Entered getdiv
DEBUG 2015-11-29 14:28:08,878 app_tools 1267 140368792430336 ET090 Entered getdiv
DEBUG 2015-11-29 14:28:08,878 app_tools 1267 140368792430336 ET090 Entered getdiv
DEBUG 2015-11-29 14:28:08,878 app_tools 1267 140368792430336 ET090 Entered getdiv
DEBUG 2015-11-29 14:28:08,879 app_tools 1267 140368792430336 ET091 Entered GetFiletree2
DEBUG 2015-11-29 14:28:08,881 app_tools 1267 140368792430336 ET091 Entered GetFiletree2
DEBUG 2015-11-29 14:28:08,884 app_tools 1267 140368792430336 ET091 Entered GetFiletree2
DEBUG 2015-11-29 14:28:08,886 app_tools 1267 140368792430336 ET090 Entered checksum
DEBUG 2015-11-29 14:28:08,886 app_tools 1267 140368792430336 ET090 Entered checksum
DEBUG 2015-11-29 14:28:08,887 app_tools 1267 140368792430336 ET091 Entered GetFiletree2
DEBUG 2015-11-29 14:28:08,889 app_tools 1267 140368792430336 ET090 Entered checksum
DEBUG 2015-11-29 14:28:08,889 app_tools 1267 140368792430336 ET090 Entered checksum
DEBUG 2015-11-29 14:28:08,891 app_tools 1267 140368792430336 ET090 Entered checksum
INFO 2015-11-29 14:28:08,894 app_tools 1267 140368792430336 Physical files match the logical representation of content description file /ESSArch/exchange/preingest/prepare/ip1/004d87ba-969d-11e5-b793-0018f3d01293/mets.xml
INFO 2015-11-29 14:28:08,897 app_tools 1267 140368792430336 Successfully created IP tar file /ESSArch/exchange/preingest/reception/ip1/004d87ba-969d-11e5-b793-0018f3d01293.tar
INFO 2015-11-29 14:28:08,897 app_tools 1267 140368792430336 Create outer METS xml file
DEBUG 2015-11-29 14:28:08,897 app_tools 1267 140368792430336 ET090 Entered CreateMetsStructmap
DEBUG 2015-11-29 14:28:08,899 app_tools 1267 140368792430336 ET091 Entered GetFiletree2
DEBUG 2015-11-29 14:28:08,901 app_tools 1267 140368792430336 ET090 Entered checksum
INFO 2015-11-29 14:28:08,904 app_tools 1267 140368792430336 Successfully created package description file /ESSArch/exchange/preingest/reception/ip1/info.xml for IP tar file /ESSArch/exchange/preingest/reception/ip1/004d87ba-969d-11e5-b793-0018f3d01293
INFO 2015-11-29 14:28:08,904 app_tools 1267 140368792430336 Validate outer METS xml file
DEBUG 2015-11-29 14:28:08,904 app_tools 1267 140368792430336 ET090 Entered validate
DEBUG 2015-11-29 14:28:08,906 app_tools 1267 140368792430336 ET090 Entered getSchemaLocation
INFO 2015-11-29 14:28:09,208 app_tools 1267 140368792430336 Successfully validated package description file /ESSArch/exchange/preingest/reception/ip1/info.xml
INFO 2015-11-29 14:28:09,209 app_tools 1267 140368792430336 Diffcheck outer METS xml file
DEBUG 2015-11-29 14:28:09,209 app_tools 1267 140368792430336 ET090 Entered DiffCheck_IP
DEBUG 2015-11-29 14:28:09,209 app_tools 1267 140368792430336 ET090 Entered getMETSFileList
DEBUG 2015-11-29 14:28:09,210 app_tools 1267 140368792430336 ET090 Entered getdiv
DEBUG 2015-11-29 14:28:09,210 app_tools 1267 140368792430336 ET090 Entered getdiv
DEBUG 2015-11-29 14:28:09,210 app_tools 1267 140368792430336 ET090 Entered getdiv
DEBUG 2015-11-29 14:28:09,210 app_tools 1267 140368792430336 ET090 Entered getdiv
DEBUG 2015-11-29 14:28:09,211 app_tools 1267 140368792430336 ET091 Entered GetFiletree2
DEBUG 2015-11-29 14:28:09,213 app_tools 1267 140368792430336 ET090 Entered checksum
DEBUG 2015-11-29 14:28:09,216 app_tools 1267 140368792430336 ET090 Entered checksum
INFO 2015-11-29 14:28:09,218 app_tools 1267 140368792430336 Physical files match the logical representation of package description file /ESSArch/exchange/preingest/reception/ip1/info.xml
INFO 2015-11-29 14:28:09,303 views 1267 140368792430336 Successfully created package IP T100
DEBUG 2015-11-29 14:28:09,314 app_tools 1281 140368867964672 ET090 Entered getSiteZone
DEBUG 2015-11-29 14:28:09,316 app_tools 1281 140368867964672 ET090 Entered getLogFilePath
DEBUG 2015-11-29 14:28:09,316 app_tools 1281 140368867964672 ET090 Entered getSiteZone
DEBUG 2015-11-29 14:28:11,732 app_tools 1267 140368867964672 ET090 Entered getSiteZone
DEBUG 2015-11-29 14:28:12,910 app_tools 1281 140368792430336 ET090 Entered getSiteZone
DEBUG 2015-11-29 14:28:15,595 app_tools 1267 140368792430336 ET090 Entered getSiteZone
INFO 2015-11-29 14:28:15,600 views 1267 140368792430336 send_mail of package description /ESSArch/exchange/preingest/reception/ip1/info.xml starts
INFO 2015-11-29 14:28:15,667 views 1267 140368792430336 send_mail of package description /ESSArch/exchange/preingest/reception/ip1/info.xml ends
INFO 2015-11-29 14:28:15,668 views 1267 140368792430336 Successfully delivered package IP T100 to destination /ESSArch/exchange/ingest/reception/ip1
DEBUG 2015-11-29 14:28:15,795 app_tools 1281 140368867964672 ET090 Entered getSiteZone
DEBUG 2015-11-29 14:38:25,550 app_tools 1267 140368792430336 ET090 Entered getSiteZone
DEBUG 2015-11-29 14:38:25,551 app_tools 1267 140368792430336 ET090 Entered getLogFilePath
DEBUG 2015-11-29 14:38:25,551 app_tools 1267 140368792430336 ET090 Entered getSiteZone
DEBUG 2015-11-29 14:38:36,834 app_tools 1281 140368867964672 ET090 Entered getSiteZone
DEBUG 2015-11-29 14:38:36,836 app_tools 1281 140368867964672 ET090 Entered prepareIP
INFO 2015-11-29 14:38:36,837 app_tools 1281 140368867964672 Preparing IP
DEBUG 2015-11-29 14:38:36,837 app_tools 1281 140368867964672 ET090 Entered getSiteZone
DEBUG 2015-11-29 14:38:36,841 app_tools 1281 140368867964672 ET090 Entered getLogFilePath
DEBUG 2015-11-29 14:38:36,841 app_tools 1281 140368867964672 ET090 Entered getSiteZone
DEBUG 2015-11-29 14:38:36,843 app_tools 1281 140368867964672 ET090 Entered getLogFilePath
DEBUG 2015-11-29 14:38:36,843 app_tools 1281 140368867964672 ET090 Entered getSiteZone
DEBUG 2015-11-29 14:38:36,846 app_tools 1281 140368867964672 ET090 Entered createIPdirectory
DEBUG 2015-11-29 14:38:36,846 app_tools 1281 140368867964672 ET090 Entered getSiteZone
INFO 2015-11-29 14:38:36,938 views 1281 140368867964672 Successfully prepared package IP T100 and created log file
DEBUG 2015-11-29 14:38:36,948 app_tools 1267 140368867964672 ET090 Entered getSiteZone
DEBUG 2015-11-29 14:38:36,950 app_tools 1267 140368867964672 ET090 Entered getLogFilePath
DEBUG 2015-11-29 14:38:36,950 app_tools 1267 140368867964672 ET090 Entered getSiteZone
DEBUG 2015-11-29 14:38:40,935 app_tools 1267 140368792430336 ET090 Entered getSiteZone
DEBUG 2015-11-29 14:38:40,937 app_tools 1267 140368792430336 ET090 Entered prepareIP
INFO 2015-11-29 14:38:40,937 app_tools 1267 140368792430336 Preparing IP
DEBUG 2015-11-29 14:38:40,937 app_tools 1267 140368792430336 ET090 Entered getSiteZone
DEBUG 2015-11-29 14:38:40,941 app_tools 1267 140368792430336 ET090 Entered getLogFilePath
DEBUG 2015-11-29 14:38:40,942 app_tools 1267 140368792430336 ET090 Entered getSiteZone
DEBUG 2015-11-29 14:38:40,944 app_tools 1267 140368792430336 ET090 Entered getLogFilePath
DEBUG 2015-11-29 14:38:40,944 app_tools 1267 140368792430336 ET090 Entered getSiteZone
DEBUG 2015-11-29 14:38:40,947 app_tools 1267 140368792430336 ET090 Entered createIPdirectory
DEBUG 2015-11-29 14:38:40,947 app_tools 1267 140368792430336 ET090 Entered getSiteZone
INFO 2015-11-29 14:38:41,045 views 1267 140368792430336 Successfully prepared package IP T101 and created log file
DEBUG 2015-11-29 14:38:41,056 app_tools 1281 140368792430336 ET090 Entered getSiteZone
DEBUG 2015-11-29 14:38:41,057 app_tools 1281 140368792430336 ET090 Entered getLogFilePath
DEBUG 2015-11-29 14:38:41,057 app_tools 1281 140368792430336 ET090 Entered getSiteZone
DEBUG 2015-11-29 14:38:44,712 app_tools 1267 140368867964672 ET090 Entered getSiteZone
DEBUG 2015-11-29 14:38:44,714 app_tools 1267 140368867964672 ET090 Entered prepareIP
INFO 2015-11-29 14:38:44,714 app_tools 1267 140368867964672 Preparing IP
DEBUG 2015-11-29 14:38:44,714 app_tools 1267 140368867964672 ET090 Entered getSiteZone
DEBUG 2015-11-29 14:38:44,718 app_tools 1267 140368867964672 ET090 Entered getLogFilePath
DEBUG 2015-11-29 14:38:44,718 app_tools 1267 140368867964672 ET090 Entered getSiteZone
DEBUG 2015-11-29 14:38:44,721 app_tools 1267 140368867964672 ET090 Entered getLogFilePath
DEBUG 2015-11-29 14:38:44,721 app_tools 1267 140368867964672 ET090 Entered getSiteZone
DEBUG 2015-11-29 14:38:44,724 app_tools 1267 140368867964672 ET090 Entered createIPdirectory
DEBUG 2015-11-29 14:38:44,724 app_tools 1267 140368867964672 ET090 Entered getSiteZone
INFO 2015-11-29 14:38:44,818 views 1267 140368867964672 Successfully prepared package IP T102 and created log file
DEBUG 2015-11-29 14:38:44,829 app_tools 1281 140368867964672 ET090 Entered getSiteZone
DEBUG 2015-11-29 14:38:44,831 app_tools 1281 140368867964672 ET090 Entered getLogFilePath
DEBUG 2015-11-29 14:38:44,831 app_tools 1281 140368867964672 ET090 Entered getSiteZone
DEBUG 2015-11-29 14:38:46,359 app_tools 1267 140368792430336 ET090 Entered getSiteZone
DEBUG 2015-11-29 14:38:49,522 app_tools 1281 140368792430336 ET090 Entered getSiteZone
DEBUG 2015-11-29 14:38:49,527 app_tools 1281 140368792430336 ET091 Entered createIP
INFO 2015-11-29 14:38:49,527 app_tools 1281 140368792430336 Creating IP
DEBUG 2015-11-29 14:38:49,527 app_tools 1281 140368792430336 ET090 Entered getSiteZone
DEBUG 2015-11-29 14:38:49,539 app_tools 1281 140368792430336 ET090 Entered create_AgentList_NO
DEBUG 2015-11-29 14:38:49,539 app_tools 1281 140368792430336 ET090 Entered create_altRecordIDList_NO
INFO 2015-11-29 14:38:49,540 app_tools 1281 140368792430336 Copy PREMIS xsd file
DEBUG 2015-11-29 14:38:49,540 app_tools 1281 140368792430336 ET091 Entered copy_Schema
INFO 2015-11-29 14:38:49,602 app_tools 1281 140368792430336 Successfully saved XSD-file /ESSArch/data/etp/prepare/ip1/7e0d3d48-969e-11e5-b793-0018f3d01293/administrative_metadata/DIAS_PREMIS.xsd
INFO 2015-11-29 14:38:49,602 app_tools 1281 140368792430336 Copy METS xsd file
DEBUG 2015-11-29 14:38:49,602 app_tools 1281 140368792430336 ET091 Entered copy_Schema
INFO 2015-11-29 14:38:49,726 app_tools 1281 140368792430336 Successfully saved XSD-file /ESSArch/data/etp/prepare/ip1/7e0d3d48-969e-11e5-b793-0018f3d01293/mets.xsd
INFO 2015-11-29 14:38:49,726 app_tools 1281 140368792430336 Create PREMIS xml file
DEBUG 2015-11-29 14:38:49,726 app_tools 1281 140368792430336 ET090 Entered create_PremisFile
DEBUG 2015-11-29 14:38:49,726 app_tools 1281 140368792430336 ET090 Entered getSiteZone
DEBUG 2015-11-29 14:38:49,728 app_tools 1281 140368792430336 ET090 Entered CreateMetsStructmap
DEBUG 2015-11-29 14:38:49,731 app_tools 1281 140368792430336 ET091 Entered GetFiletree2
DEBUG 2015-11-29 14:38:49,733 app_tools 1281 140368792430336 ET091 Entered GetFiletree2
DEBUG 2015-11-29 14:38:49,736 app_tools 1281 140368792430336 ET091 Entered GetFiletree2
DEBUG 2015-11-29 14:38:49,738 app_tools 1281 140368792430336 ET090 Entered checksum
DEBUG 2015-11-29 14:38:49,739 app_tools 1281 140368792430336 ET091 Entered GetFiletree2
DEBUG 2015-11-29 14:38:49,741 app_tools 1281 140368792430336 ET090 Entered checksum
DEBUG 2015-11-29 14:38:49,741 app_tools 1281 140368792430336 ET090 Entered checksum
DEBUG 2015-11-29 14:38:49,744 app_tools 1281 140368792430336 ET090 Entered validate
DEBUG 2015-11-29 14:38:49,746 app_tools 1281 140368792430336 ET090 Entered getSchemaLocation
DEBUG 2015-11-29 14:38:50,013 app_tools 1281 140368792430336 ET090 Entered writeToFile
INFO 2015-11-29 14:38:50,014 app_tools 1281 140368792430336 Successfully created and validated Premis file /ESSArch/data/etp/prepare/ip1/7e0d3d48-969e-11e5-b793-0018f3d01293/administrative_metadata/premis.xml
INFO 2015-11-29 14:38:50,014 app_tools 1281 140368792430336 Create METS xml file
INFO 2015-11-29 14:38:50,016 app_tools 1281 140368792430336 Successfully created content description file /ESSArch/data/etp/prepare/ip1/7e0d3d48-969e-11e5-b793-0018f3d01293/mets.xml for IP T100
INFO 2015-11-29 14:38:50,017 app_tools 1281 140368792430336 Validate METS xml file
DEBUG 2015-11-29 14:38:50,017 app_tools 1281 140368792430336 ET090 Entered validate
DEBUG 2015-11-29 14:38:50,019 app_tools 1281 140368792430336 ET090 Entered getSchemaLocation
INFO 2015-11-29 14:38:50,313 app_tools 1281 140368792430336 Successfully validated content description file /ESSArch/data/etp/prepare/ip1/7e0d3d48-969e-11e5-b793-0018f3d01293/mets.xml
INFO 2015-11-29 14:38:50,313 app_tools 1281 140368792430336 Diffcheck inner METS xml file
DEBUG 2015-11-29 14:38:50,313 app_tools 1281 140368792430336 ET090 Entered DiffCheck_IP
DEBUG 2015-11-29 14:38:50,314 app_tools 1281 140368792430336 ET090 Entered getMETSFileList
DEBUG 2015-11-29 14:38:50,315 app_tools 1281 140368792430336 ET090 Entered getmd
DEBUG 2015-11-29 14:38:50,315 app_tools 1281 140368792430336 ET090 Entered getdiv
DEBUG 2015-11-29 14:38:50,315 app_tools 1281 140368792430336 ET090 Entered getdiv
DEBUG 2015-11-29 14:38:50,315 app_tools 1281 140368792430336 ET090 Entered getdiv
DEBUG 2015-11-29 14:38:50,315 app_tools 1281 140368792430336 ET090 Entered getdiv
DEBUG 2015-11-29 14:38:50,316 app_tools 1281 140368792430336 ET091 Entered GetFiletree2
DEBUG 2015-11-29 14:38:50,318 app_tools 1281 140368792430336 ET091 Entered GetFiletree2
DEBUG 2015-11-29 14:38:50,321 app_tools 1281 140368792430336 ET091 Entered GetFiletree2
DEBUG 2015-11-29 14:38:50,323 app_tools 1281 140368792430336 ET090 Entered checksum
DEBUG 2015-11-29 14:38:50,324 app_tools 1281 140368792430336 ET090 Entered checksum
DEBUG 2015-11-29 14:38:50,324 app_tools 1281 140368792430336 ET091 Entered GetFiletree2
DEBUG 2015-11-29 14:38:50,326 app_tools 1281 140368792430336 ET090 Entered checksum
DEBUG 2015-11-29 14:38:50,326 app_tools 1281 140368792430336 ET090 Entered checksum
DEBUG 2015-11-29 14:38:50,328 app_tools 1281 140368792430336 ET090 Entered checksum
INFO 2015-11-29 14:38:50,330 app_tools 1281 140368792430336 Physical files match the logical representation of content description file /ESSArch/data/etp/prepare/ip1/7e0d3d48-969e-11e5-b793-0018f3d01293/mets.xml
INFO 2015-11-29 14:38:50,334 app_tools 1281 140368792430336 Successfully created IP tar file /ESSArch/data/etp/reception/ip1/7e0d3d48-969e-11e5-b793-0018f3d01293.tar
INFO 2015-11-29 14:38:50,335 app_tools 1281 140368792430336 Create outer METS xml file
DEBUG 2015-11-29 14:38:50,335 app_tools 1281 140368792430336 ET090 Entered CreateMetsStructmap
DEBUG 2015-11-29 14:38:50,337 app_tools 1281 140368792430336 ET091 Entered GetFiletree2
DEBUG 2015-11-29 14:38:50,339 app_tools 1281 140368792430336 ET090 Entered checksum
INFO 2015-11-29 14:38:50,342 app_tools 1281 140368792430336 Successfully created package description file /ESSArch/data/etp/reception/ip1/info.xml for IP tar file /ESSArch/data/etp/reception/ip1/7e0d3d48-969e-11e5-b793-0018f3d01293
INFO 2015-11-29 14:38:50,342 app_tools 1281 140368792430336 Validate outer METS xml file
DEBUG 2015-11-29 14:38:50,342 app_tools 1281 140368792430336 ET090 Entered validate
DEBUG 2015-11-29 14:38:50,343 app_tools 1281 140368792430336 ET090 Entered getSchemaLocation
INFO 2015-11-29 14:38:50,701 app_tools 1281 140368792430336 Successfully validated package description file /ESSArch/data/etp/reception/ip1/info.xml
INFO 2015-11-29 14:38:50,702 app_tools 1281 140368792430336 Diffcheck outer METS xml file
DEBUG 2015-11-29 14:38:50,702 app_tools 1281 140368792430336 ET090 Entered DiffCheck_IP
DEBUG 2015-11-29 14:38:50,702 app_tools 1281 140368792430336 ET090 Entered getMETSFileList
DEBUG 2015-11-29 14:38:50,703 app_tools 1281 140368792430336 ET090 Entered getdiv
DEBUG 2015-11-29 14:38:50,703 app_tools 1281 140368792430336 ET090 Entered getdiv
DEBUG 2015-11-29 14:38:50,703 app_tools 1281 140368792430336 ET090 Entered getdiv
DEBUG 2015-11-29 14:38:50,703 app_tools 1281 140368792430336 ET090 Entered getdiv
DEBUG 2015-11-29 14:38:50,704 app_tools 1281 140368792430336 ET091 Entered GetFiletree2
DEBUG 2015-11-29 14:38:50,706 app_tools 1281 140368792430336 ET090 Entered checksum
DEBUG 2015-11-29 14:38:50,709 app_tools 1281 140368792430336 ET090 Entered checksum
INFO 2015-11-29 14:38:50,711 app_tools 1281 140368792430336 Physical files match the logical representation of package description file /ESSArch/data/etp/reception/ip1/info.xml
INFO 2015-11-29 14:38:50,791 views 1281 140368792430336 Successfully created package IP T100
DEBUG 2015-11-29 14:38:50,829 app_tools 1267 140368867964672 ET090 Entered getSiteZone
DEBUG 2015-11-29 14:38:50,831 app_tools 1267 140368867964672 ET090 Entered getLogFilePath
DEBUG 2015-11-29 14:38:50,831 app_tools 1267 140368867964672 ET090 Entered getSiteZone
DEBUG 2015-11-29 14:38:53,236 app_tools 1281 140368867964672 ET090 Entered getSiteZone
DEBUG 2015-11-29 14:38:54,240 app_tools 1281 140368792430336 ET090 Entered getSiteZone
DEBUG 2015-11-29 14:38:56,829 app_tools 1267 140368792430336 ET090 Entered getSiteZone
INFO 2015-11-29 14:38:56,833 views 1267 140368792430336 send_mail of package description /ESSArch/data/etp/reception/ip1/info.xml starts
INFO 2015-11-29 14:38:56,891 views 1267 140368792430336 send_mail of package description /ESSArch/data/etp/reception/ip1/info.xml ends
INFO 2015-11-29 14:38:56,891 views 1267 140368792430336 Successfully delivered package IP T100 to destination /ESSArch/data/eta/reception/ip6
DEBUG 2015-11-29 14:38:57,026 app_tools 1281 140368867964672 ET090 Entered getSiteZone
DEBUG 2015-11-29 14:42:41,165 app_tools 20778 140515812423424 ET090 Entered getSiteZone
DEBUG 2015-11-29 14:49:08,701 app_tools 20779 140515879565056 ET090 Entered getSiteZone
DEBUG 2015-11-29 14:49:26,826 app_tools 21094 140515879302912 ET090 Entered getSiteZone
DEBUG 2015-11-29 14:49:26,827 app_tools 21094 140515879302912 ET090 Entered getLogFilePath
DEBUG 2015-11-29 14:49:26,827 app_tools 21094 140515879302912 ET090 Entered getSiteZone
DEBUG 2015-11-29 14:49:30,003 app_tools 21277 140515879302912 ET090 Entered getSiteZone
DEBUG 2015-11-29 14:49:31,288 app_tools 21094 140515803768576 ET090 Entered getSiteZone
DEBUG 2015-11-29 14:49:31,290 app_tools 21094 140515803768576 ET090 Entered getLogFilePath
DEBUG 2015-11-29 14:49:31,290 app_tools 21094 140515803768576 ET090 Entered getSiteZone
